Build started 2/13/2016 5:46:03 PM.
     1>Project "C:\Users\Trimax\Documents\GitHub\MultiplayerSnake\MultiplayerSnake\MultiplayerSnake\MultiplayerSnake.vcxproj" on node 2 (Build target(s)).
     1>ClCompile:
         C:\Program Files (x86)\Microsoft Visual Studio 14.0\VC\bin\CL.exe /c /ZI /nologo /W3 /WX- /sdl /Od /Oy- /D _WINSOCK_DEPRECATED_NO_WARNINGS /D _CRT_SECURE_NO_WARNINGS /D _MBCS /Gm /EHsc /RTC1 /MDd /GS /fp:precise /Zc:wchar_t /Zc:forScope /Zc:inline /Fo"Debug\\" /Fd"Debug\vc140.pdb" /Gd /TP /analyze- /errorReport:prompt ..\..\Snake\server\main.cpp
         main.cpp
     1>c:\users\trimax\documents\github\multiplayersnake\snake\server\main.cpp(23): warning C4018: '<': signed/unsigned mismatch
     1>c:\users\trimax\documents\github\multiplayersnake\snake\server\main.cpp(52): warning C4018: '<': signed/unsigned mismatch
     1>c:\users\trimax\documents\github\multiplayersnake\snake\server\main.cpp(66): warning C4018: '<': signed/unsigned mismatch
     1>c:\users\trimax\documents\github\multiplayersnake\snake\server\main.cpp(74): warning C4018: '<': signed/unsigned mismatch
     1>c:\users\trimax\documents\github\multiplayersnake\snake\server\main.cpp(85): warning C4018: '<': signed/unsigned mismatch
     1>c:\users\trimax\documents\github\multiplayersnake\snake\server\main.cpp(112): warning C4018: '<': signed/unsigned mismatch
       Link:
         C:\Program Files (x86)\Microsoft Visual Studio 14.0\VC\bin\link.exe /ERRORREPORT:PROMPT /OUT:"C:\Users\Trimax\Documents\GitHub\MultiplayerSnake\MultiplayerSnake\Debug\MultiplayerSnake.exe" /INCREMENTAL /NOLOGO kernel32.lib user32.lib gdi32.lib winspool.lib comdlg32.lib advapi32.lib shell32.lib ole32.lib oleaut32.lib uuid.lib odbc32.lib odbccp32.lib /MANIFEST /MANIFESTUAC:"level='asInvoker' uiAccess='false'" /manifest:embed /Debug /PDB:"C:\Users\Trimax\Documents\GitHub\MultiplayerSnake\MultiplayerSnake\Debug\MultiplayerSnake.pdb" /TLBID:1 /DYNAMICBASE /NXCOMPAT /IMPLIB:"C:\Users\Trimax\Documents\GitHub\MultiplayerSnake\MultiplayerSnake\Debug\MultiplayerSnake.lib" /MACHINE:X86 Debug\base64.obj
         Debug\main.obj
         Debug\sha1.obj
         Debug\websocket.obj
         MultiplayerSnake.vcxproj -> C:\Users\Trimax\Documents\GitHub\MultiplayerSnake\MultiplayerSnake\Debug\MultiplayerSnake.exe
     1>Done Building Project "C:\Users\Trimax\Documents\GitHub\MultiplayerSnake\MultiplayerSnake\MultiplayerSnake\MultiplayerSnake.vcxproj" (Build target(s)).

Build succeeded.

Time Elapsed 00:00:02.26
